app/build/intermediates/manifest_merge_blame_file/debug/manifest-merger-blame-debug-report.txt
1<?xml version="1.0" encoding="utf-8"?>
2<manifest xmlns:android="http://schemas.android.com/apk/res/android"
3    package="com.example.androidgame"
4    android:versionCode="1"
5    android:versionName="1.0" >
6
7    <uses-sdk
8        android:minSdkVersion="21"
9        android:targetSdkVersion="33" />
10
11    <uses-permission android:name="android.permission.CAMERA" />
11-->src/main/AndroidManifest.xml:5:5-65
11-->src/main/AndroidManifest.xml:5:22-62
12    <uses-permission android:name="android.permission.WRITE_EXTERNAL_STORAGE" />
12-->src/main/AndroidManifest.xml:6:5-81
12-->src/main/AndroidManifest.xml:6:22-78
13    <uses-permission android:name="android.permission.READ_EXTERNAL_STORAGE" />
13-->src/main/AndroidManifest.xml:7:5-80
13-->src/main/AndroidManifest.xml:7:22-77
14
15    <uses-feature
15-->src/main/AndroidManifest.xml:9:5-89
16        android:name="android.hardware.camera.any"
16-->src/main/AndroidManifest.xml:9:19-61
17        android:required="false" />
17-->src/main/AndroidManifest.xml:9:62-86
18
19    <permission
19-->[androidx.core:core:1.10.1] AndroidManifest.xml:22:5-24:47
20        android:name="com.example.androidgame.DYNAMIC_RECEIVER_NOT_EXPORTED_PERMISSION"
20-->[androidx.core:core:1.10.1] AndroidManifest.xml:23:9-81
21        android:protectionLevel="signature" />
21-->[androidx.core:core:1.10.1] AndroidManifest.xml:24:9-44
22
23    <uses-permission android:name="com.example.androidgame.DYNAMIC_RECEIVER_NOT_EXPORTED_PERMISSION" />
23-->[androidx.core:core:1.10.1] AndroidManifest.xml:26:5-97
23-->[androidx.core:core:1.10.1] AndroidManifest.xml:26:22-94
24
25    <application
25-->src/main/AndroidManifest.xml:11:5-21:19
26        android:allowBackup="true"
26-->src/main/AndroidManifest.xml:12:9-35
27        android:appComponentFactory="androidx.core.app.CoreComponentFactory"
27-->[androidx.core:core:1.10.1] AndroidManifest.xml:28:18-86
28        android:debuggable="true"
29        android:extractNativeLibs="true"
30        android:label="@string/app_name"
30-->src/main/AndroidManifest.xml:13:9-41
31        android:theme="@style/Theme.AndroidGame" >
31-->src/main/AndroidManifest.xml:14:9-49
32        <activity
32-->src/main/AndroidManifest.xml:15:9-20:20
33            android:name="com.example.androidgame.MainActivity"
33-->src/main/AndroidManifest.xml:15:19-47
34            android:exported="true" >
34-->src/main/AndroidManifest.xml:15:48-71
35            <intent-filter>
35-->src/main/AndroidManifest.xml:16:13-19:29
36                <action android:name="android.intent.action.MAIN" />
36-->src/main/AndroidManifest.xml:17:17-69
36-->src/main/AndroidManifest.xml:17:25-66
37
38                <category android:name="android.intent.category.LAUNCHER" />
38-->src/main/AndroidManifest.xml:18:17-77
38-->src/main/AndroidManifest.xml:18:27-74
39            </intent-filter>
40        </activity>
41
42        <service
42-->[androidx.camera:camera-camera2:1.2.2] AndroidManifest.xml:24:9-33:19
43            android:name="androidx.camera.core.impl.MetadataHolderService"
43-->[androidx.camera:camera-camera2:1.2.2] AndroidManifest.xml:25:13-75
44            android:enabled="false"
44-->[androidx.camera:camera-camera2:1.2.2] AndroidManifest.xml:26:13-36
45            android:exported="false" >
45-->[androidx.camera:camera-camera2:1.2.2] AndroidManifest.xml:27:13-37
46            <meta-data
46-->[androidx.camera:camera-camera2:1.2.2] AndroidManifest.xml:30:13-32:89
47                android:name="androidx.camera.core.impl.MetadataHolderService.DEFAULT_CONFIG_PROVIDER"
47-->[androidx.camera:camera-camera2:1.2.2] AndroidManifest.xml:31:17-103
48                android:value="androidx.camera.camera2.Camera2Config$DefaultProvider" />
48-->[androidx.camera:camera-camera2:1.2.2] AndroidManifest.xml:32:17-86
49        </service>
50
51        <provider
51-->[androidx.emoji2:emoji2:1.2.0] AndroidManifest.xml:24:9-32:20
52            android:name="androidx.startup.InitializationProvider"
52-->[androidx.emoji2:emoji2:1.2.0] AndroidManifest.xml:25:13-67
53            android:authorities="com.example.androidgame.androidx-startup"
53-->[androidx.emoji2:emoji2:1.2.0] AndroidManifest.xml:26:13-68
54            android:exported="false" >
54-->[androidx.emoji2:emoji2:1.2.0] AndroidManifest.xml:27:13-37
55            <meta-data
55-->[androidx.emoji2:emoji2:1.2.0] AndroidManifest.xml:29:13-31:52
56                android:name="androidx.emoji2.text.EmojiCompatInitializer"
56-->[androidx.emoji2:emoji2:1.2.0] AndroidManifest.xml:30:17-75
57                android:value="androidx.startup" />
57-->[androidx.emoji2:emoji2:1.2.0] AndroidManifest.xml:31:17-49
58            <meta-data
58-->[androidx.lifecycle:lifecycle-process:2.4.1] AndroidManifest.xml:31:13-33:52
59                android:name="androidx.lifecycle.ProcessLifecycleInitializer"
59-->[androidx.lifecycle:lifecycle-process:2.4.1] AndroidManifest.xml:32:17-78
60                android:value="androidx.startup" />
60-->[androidx.lifecycle:lifecycle-process:2.4.1] AndroidManifest.xml:33:17-49
61        </provider>
62    </application>
63
64</manifest>